yarn run v1.22.19
$ webpack --mode production
assets by status 627 KiB [1m[32m[cached][39m[22m 14 assets
assets by path [1m[32m.[39m[22m 11.9 MiB
  asset [1m[33mbundle.js[39m[22m [1m[33m11.9 MiB[39m[22m [1m[32m[emitted][39m[22m [1m[32m[minimized][39m[22m [1m[33m[big][39m[22m (name: main)
  asset [1m[32mindex.html[39m[22m 1.34 KiB [1m[33m[compared for emit][39m[22m
orphan modules 7.1 MiB [1m[33m[orphan][39m[22m 6469 modules
runtime modules 1.72 KiB 9 modules
cacheable modules 4.29 MiB (javascript) 60.9 KiB (asset) 201 modules

[1m[33mWARNING[39m[22m in [1masset size limit: The following asset(s) exceed the recommended size limit (244 KiB).
This can impact web performance.
Assets: 
  bundle.js (11.9 MiB)[39m[22m

[1m[33mWARNING[39m[22m in [1mentrypoint size limit: The following entrypoint(s) combined asset size exceeds the recommended limit (244 KiB). This can impact web performance.
Entrypoints:
  main (11.9 MiB)
      bundle.js
[39m[22m

[1m[33mWARNING[39m[22m in [1mwebpack performance recommendations: 
You can limit the size of your bundles by using import() or require.ensure to lazy load some parts of your application.
For more info visit https://webpack.js.org/guides/code-splitting/[39m[22m

webpack 5.85.0 compiled with [1m[33m3 warnings[39m[22m in 80796 ms
Done in 98.99s.
